10:11:14 [App     ] Build date: Nov 28 2022, 13:08:56
10:11:14 [App     ] CPU: Intel(R) Core(TM) i9-10900K CPU @ 3.70GHz (20 cores)
10:11:14 [App     ] RAM: 127.74GB Physical Memory 128.00TB Virtual Memory
10:11:14 [App     ] OS: Windows 8 x64
10:11:14 [App     ] Disk: 106.62GB (951.14GB) space
10:11:14 [App     ] SSE & AVX compatible CPU & OS detected
10:11:14 [App     ] Command line: InterfaceCOLMAP -i C:\Users\Administrateur\Desktop\test_pl3_b1\models -o C:\Users\Administrateur\Desktop\test_pl3_b1\models\model.mvs --image-folder C:\Users\Administrateur\Desktop\test_pl3_b1\models\images
10:11:14 [App     ] Reading cameras: C:/Users/Administrateur/Desktop/test_pl3_b1/models/sparse/cameras.bin
10:11:14 [App     ] Reading images: C:/Users/Administrateur/Desktop/test_pl3_b1/models/sparse/images.bin
10:11:14 [App     ] Reading points: C:/Users/Administrateur/Desktop/test_pl3_b1/models/sparse/points3D.bin
10:11:15 [App     ] Reading patch-match configuration: C:/Users/Administrateur/Desktop/test_pl3_b1/models/stereo/patch-match.cfg
10:11:15 [App     ] Reading depth-maps/normal-maps: C:/Users/Administrateur/Desktop/test_pl3_b1/models/stereo/depth_maps/ and C:/Users/Administrateur/Desktop/test_pl3_b1/models/stereo/normal_maps/
10:11:15 [App     ] Exported data: 218 images & 88130 vertices (1s395ms)
10:11:15 [App     ] MEMORYINFO: {
10:11:15 [App     ] 	PageFaultCount 129881
10:11:15 [App     ] 	PeakWorkingSetSize 44.83MB
10:11:15 [App     ] 	WorkingSetSize 10.36MB
10:11:15 [App     ] 	QuotaPeakPagedPoolUsage 156.77KB
10:11:15 [App     ] 	QuotaPagedPoolUsage 156.31KB
10:11:15 [App     ] 	QuotaPeakNonPagedPoolUsage 13.80KB
10:11:15 [App     ] 	QuotaNonPagedPoolUsage 13.41KB
10:11:15 [App     ] 	PagefileUsage 3.99MB
10:11:15 [App     ] 	PeakPagefileUsage 39.65MB
10:11:15 [App     ] } ENDINFO
